The system is: Darwin - 25.2.0 - arm64
Compiling the C compiler identification source file "CMakeCCompilerId.c" succeeded.
Compiler: /Library/Developer/CommandLineTools/usr/bin/cc 
Build flags: 
Id flags: -c 

The output was:
0


Compilation of the C compiler identification source "CMakeCCompilerId.c" produced "CMakeCCompilerId.o"

The C compiler identification is AppleClang, found in "/Users/pavel/libcbor/cmake-build/CMakeFiles/3.25.2/CompilerIdC/CMakeCCompilerId.o"

Compiling the CXX compiler identification source file "CMakeCXXCompilerId.cpp" succeeded.
Compiler: /Library/Developer/CommandLineTools/usr/bin/c++ 
Build flags: 
Id flags: -c 

The output was:
0


Compilation of the CXX compiler identification source "CMakeCXXCompilerId.cpp" produced "CMakeCXXCompilerId.o"

The CXX compiler identification is AppleClang, found in "/Users/pavel/libcbor/cmake-build/CMakeFiles/3.25.2/CompilerIdCXX/CMakeCXXCompilerId.o"

Detecting C compiler ABI info compiled with the following output:
Change Dir: /Users/pavel/libcbor/cmake-build/CMakeFiles/CMakeScratch/TryCompile-zbQ2kR

Run Build Command(s):/usr/bin/make -f Makefile cmTC_f112a/fast && /Library/Developer/CommandLineTools/usr/bin/make  -f CMakeFiles/cmTC_f112a.dir/build.make CMakeFiles/cmTC_f112a.dir/build
Building C object CMakeFiles/cmTC_f112a.dir/CMakeCCompilerABI.c.o
/Library/Developer/CommandLineTools/usr/bin/cc   -arch arm64 -isysroot /Library/Developer/CommandLineTools/SDKs/MacOSX26.2.sdk   -v -Wl,-v -MD -MT CMakeFiles/cmTC_f112a.dir/CMakeCCompilerABI.c.o -MF CMakeFiles/cmTC_f112a.dir/CMakeCCompilerABI.c.o.d -o CMakeFiles/cmTC_f112a.dir/CMakeCCompilerABI.c.o -c /opt/homebrew/Cellar/cmake/3.25.2/share/cmake/Modules/CMakeCCompilerABI.c
Apple clang version 17.0.0 (clang-1700.6.3.2)
Target: arm64-apple-darwin25.2.0
Thread model: posix
InstalledDir: /Library/Developer/CommandLineTools/usr/bin
cc: warning: -Wl,-v: 'linker' input unused [-Wunused-command-line-argument]
 "/Library/Developer/CommandLineTools/usr/bin/clang" -cc1 -triple arm64-apple-macosx26.0.0 -Wundef-prefix=TARGET_OS_ -Wdeprecated-objc-isa-usage -Werror=deprecated-objc-isa-usage -Werror=implicit-function-declaration -emit-obj -disable-free -clear-ast-before-backend -disable-llvm-verifier -discard-value-names -main-file-name CMakeCCompilerABI.c -mrelocation-model pic -pic-level 2 -mframe-pointer=non-leaf -fno-strict-return -ffp-contract=on -fno-rounding-math -funwind-tables=1 -fobjc-msgsend-selector-stubs -target-sdk-version=26.2 -fvisibility-inlines-hidden-static-local-var -fdefine-target-os-macros -fno-assume-unique-vtables -fno-modulemap-allow-subdirectory-search -target-cpu apple-m1 -target-feature +zcm -target-feature +zcz -target-feature +v8.5a -target-feature +aes -target-feature +altnzcv -target-feature +ccdp -target-feature +complxnum -target-feature +crc -target-feature +dotprod -target-feature +fp-armv8 -target-feature +fp16fml -target-feature +fptoint -target-feature +fullfp16 -target-feature +jsconv -target-feature +lse -target-feature +neon -target-feature +pauth -target-feature +perfmon -target-feature +predres -target-feature +ras -target-feature +rcpc -target-feature +rdm -target-feature +sb -target-feature +sha2 -target-feature +sha3 -target-feature +specrestrict -target-feature +ssbs -target-abi darwinpcs -debugger-tuning=lldb -fdebug-compilation-dir=/Users/pavel/libcbor/cmake-build/CMakeFiles/CMakeScratch/TryCompile-zbQ2kR -target-linker-version 1230.1 -v -fcoverage-compilation-dir=/Users/pavel/libcbor/cmake-build/CMakeFiles/CMakeScratch/TryCompile-zbQ2kR -resource-dir /Library/Developer/CommandLineTools/usr/lib/clang/17 -dependency-file CMakeFiles/cmTC_f112a.dir/CMakeCCompilerABI.c.o.d -skip-unused-modulemap-deps -MT CMakeFiles/cmTC_f112a.dir/CMakeCCompilerABI.c.o -sys-header-deps -isysroot /Library/Developer/CommandLineTools/SDKs/MacOSX26.2.sdk -internal-isystem /Library/Developer/CommandLineTools/SDKs/MacOSX26.2.sdk/usr/local/include -internal-isystem /Library/Developer/CommandLineTools/usr/lib/clang/17/include -internal-externc-isystem /Library/Developer/CommandLineTools/SDKs/MacOSX26.2.sdk/usr/include -internal-externc-isystem /Library/Developer/CommandLineTools/usr/include -internal-iframework /Library/Developer/CommandLineTools/SDKs/MacOSX26.2.sdk/System/Library/Frameworks -internal-iframework /Library/Developer/CommandLineTools/SDKs/MacOSX26.2.sdk/System/Library/SubFrameworks -internal-iframework /Library/Developer/CommandLineTools/SDKs/MacOSX26.2.sdk/Library/Frameworks -Wno-reorder-init-list -Wno-implicit-int-float-conversion -Wno-c99-designator -Wno-final-dtor-non-final-class -Wno-extra-semi-stmt -Wno-misleading-indentation -Wno-quoted-include-in-framework-header -Wno-implicit-fallthrough -Wno-enum-enum-conversion -Wno-enum-float-conversion -Wno-elaborated-enum-base -ferror-limit 19 -stack-protector 1 -fstack-check -mdarwin-stkchk-strong-link -fblocks -fencode-extended-block-signature -fregister-global-dtors-with-atexit -fgnuc-version=4.2.1 -fskip-odr-check-in-gmf -fmax-type-align=16 -fcommon -clang-vendor-feature=+disableNonDependentMemberExprInCurrentInstantiation -fno-odr-hash-protocols -clang-vendor-feature=+enableAggressiveVLAFolding -clang-vendor-feature=+revert09abecef7bbf -clang-vendor-feature=+thisNoAlignAttr -clang-vendor-feature=+thisNoNullAttr -clang-vendor-feature=+disableAtImportPrivateFrameworkInImplementationError -D__GCC_HAVE_DWARF2_CFI_ASM=1 -o CMakeFiles/cmTC_f112a.dir/CMakeCCompilerABI.c.o -x c /opt/homebrew/Cellar/cmake/3.25.2/share/cmake/Modules/CMakeCCompilerABI.c
clang -cc1 version 17.0.0 (clang-1700.6.3.2) default target arm64-apple-darwin25.2.0
ignoring nonexistent directory "/Library/Developer/CommandLineTools/SDKs/MacOSX26.2.sdk/usr/local/include"
ignoring nonexistent directory "/Library/Developer/CommandLineTools/SDKs/MacOSX26.2.sdk/Library/Frameworks"
#include "..." search starts here:
#include <...> search starts here:
 /Library/Developer/CommandLineTools/usr/lib/clang/17/include
 /Library/Developer/CommandLineTools/SDKs/MacOSX26.2.sdk/usr/include
 /Library/Developer/CommandLineTools/usr/include
 /Library/Developer/CommandLineTools/SDKs/MacOSX26.2.sdk/System/Library/Frameworks (framework directory)
 /Library/Developer/CommandLineTools/SDKs/MacOSX26.2.sdk/System/Library/SubFrameworks (framework directory)
End of search list.
Linking C executable cmTC_f112a
/opt/homebrew/Cellar/cmake/3.25.2/bin/cmake -E cmake_link_script CMakeFiles/cmTC_f112a.dir/link.txt --verbose=1
/Library/Developer/CommandLineTools/usr/bin/cc  -arch arm64 -isysroot /Library/Developer/CommandLineTools/SDKs/MacOSX26.2.sdk -Wl,-search_paths_first -Wl,-headerpad_max_install_names  -v -Wl,-v CMakeFiles/cmTC_f112a.dir/CMakeCCompilerABI.c.o -o cmTC_f112a 
Apple clang version 17.0.0 (clang-1700.6.3.2)
Target: arm64-apple-darwin25.2.0
Thread model: posix
InstalledDir: /Library/Developer/CommandLineTools/usr/bin
 "/Library/Developer/CommandLineTools/usr/bin/ld" -demangle -lto_library /Library/Developer/CommandLineTools/usr/lib/libLTO.dylib -dynamic -arch arm64 -platform_version macos 26.0.0 26.2 -syslibroot /Library/Developer/CommandLineTools/SDKs/MacOSX26.2.sdk -mllvm -enable-linkonceodr-outlining -o cmTC_f112a -search_paths_first -headerpad_max_install_names -v CMakeFiles/cmTC_f112a.dir/CMakeCCompilerABI.c.o -lSystem /Library/Developer/CommandLineTools/usr/lib/clang/17/lib/darwin/libclang_rt.osx.a
@(#)PROGRAM:ld PROJECT:ld-1230.1
BUILD 06:36:05 Dec  2 2025
configured to support archs: armv6 armv7 armv7s arm64 arm64e arm64_32 i386 x86_64 x86_64h armv6m armv7k armv7m armv7em armv8m.main armv8.1m.main
will use ld-classic for: armv6 armv7 armv7s i386 armv6m armv7k armv7m armv7em
LTO support using: LLVM version 17.0.0 (static support for 29, runtime is 29)
TAPI support using: Apple TAPI version 17.0.0 (tapi-1700.3.8)
Library search paths:
	/Library/Developer/CommandLineTools/SDKs/MacOSX26.2.sdk/usr/lib
	/Library/Developer/CommandLineTools/SDKs/MacOSX26.2.sdk/usr/lib/swift
Framework search paths:
	/Library/Developer/CommandLineTools/SDKs/MacOSX26.2.sdk/System/Library/Frameworks



Parsed C implicit include dir info from above output: rv=done
  found start of include info
  found start of implicit include info
    add: [/Library/Developer/CommandLineTools/usr/lib/clang/17/include]
    add: [/Library/Developer/CommandLineTools/SDKs/MacOSX26.2.sdk/usr/include]
    add: [/Library/Developer/CommandLineTools/usr/include]
  end of search list found
  collapse include dir [/Library/Developer/CommandLineTools/usr/lib/clang/17/include] ==> [/Library/Developer/CommandLineTools/usr/lib/clang/17/include]
  collapse include dir [/Library/Developer/CommandLineTools/SDKs/MacOSX26.2.sdk/usr/include] ==> [/Library/Developer/CommandLineTools/SDKs/MacOSX26.2.sdk/usr/include]
  collapse include dir [/Library/Developer/CommandLineTools/usr/include] ==> [/Library/Developer/CommandLineTools/usr/include]
  implicit include dirs: [/Library/Developer/CommandLineTools/usr/lib/clang/17/include;/Library/Developer/CommandLineTools/SDKs/MacOSX26.2.sdk/usr/include;/Library/Developer/CommandLineTools/usr/include]


Parsed C implicit link information from above output:
  link line regex: [^( *|.*[/\])(ld|CMAKE_LINK_STARTFILE-NOTFOUND|([^/\]+-)?ld|collect2)[^/\]*( |$)]
  ignore line: [Change Dir: /Users/pavel/libcbor/cmake-build/CMakeFiles/CMakeScratch/TryCompile-zbQ2kR]
  ignore line: []
  ignore line: [Run Build Command(s):/usr/bin/make -f Makefile cmTC_f112a/fast && /Library/Developer/CommandLineTools/usr/bin/make  -f CMakeFiles/cmTC_f112a.dir/build.make CMakeFiles/cmTC_f112a.dir/build]
  ignore line: [Building C object CMakeFiles/cmTC_f112a.dir/CMakeCCompilerABI.c.o]
  ignore line: [/Library/Developer/CommandLineTools/usr/bin/cc   -arch arm64 -isysroot /Library/Developer/CommandLineTools/SDKs/MacOSX26.2.sdk   -v -Wl -v -MD -MT CMakeFiles/cmTC_f112a.dir/CMakeCCompilerABI.c.o -MF CMakeFiles/cmTC_f112a.dir/CMakeCCompilerABI.c.o.d -o CMakeFiles/cmTC_f112a.dir/CMakeCCompilerABI.c.o -c /opt/homebrew/Cellar/cmake/3.25.2/share/cmake/Modules/CMakeCCompilerABI.c]
  ignore line: [Apple clang version 17.0.0 (clang-1700.6.3.2)]
  ignore line: [Target: arm64-apple-darwin25.2.0]
  ignore line: [Thread model: posix]
  ignore line: [InstalledDir: /Library/Developer/CommandLineTools/usr/bin]
  ignore line: [cc: warning: -Wl -v: 'linker' input unused [-Wunused-command-line-argument]]
  ignore line: [ "/Library/Developer/CommandLineTools/usr/bin/clang" -cc1 -triple arm64-apple-macosx26.0.0 -Wundef-prefix=TARGET_OS_ -Wdeprecated-objc-isa-usage -Werror=deprecated-objc-isa-usage -Werror=implicit-function-declaration -emit-obj -disable-free -clear-ast-before-backend -disable-llvm-verifier -discard-value-names -main-file-name CMakeCCompilerABI.c -mrelocation-model pic -pic-level 2 -mframe-pointer=non-leaf -fno-strict-return -ffp-contract=on -fno-rounding-math -funwind-tables=1 -fobjc-msgsend-selector-stubs -target-sdk-version=26.2 -fvisibility-inlines-hidden-static-local-var -fdefine-target-os-macros -fno-assume-unique-vtables -fno-modulemap-allow-subdirectory-search -target-cpu apple-m1 -target-feature +zcm -target-feature +zcz -target-feature +v8.5a -target-feature +aes -target-feature +altnzcv -target-feature +ccdp -target-feature +complxnum -target-feature +crc -target-feature +dotprod -target-feature +fp-armv8 -target-feature +fp16fml -target-feature +fptoint -target-feature +fullfp16 -target-feature +jsconv -target-feature +lse -target-feature +neon -target-feature +pauth -target-feature +perfmon -target-feature +predres -target-feature +ras -target-feature +rcpc -target-feature +rdm -target-feature +sb -target-feature +sha2 -target-feature +sha3 -target-feature +specrestrict -target-feature +ssbs -target-abi darwinpcs -debugger-tuning=lldb -fdebug-compilation-dir=/Users/pavel/libcbor/cmake-build/CMakeFiles/CMakeScratch/TryCompile-zbQ2kR -target-linker-version 1230.1 -v -fcoverage-compilation-dir=/Users/pavel/libcbor/cmake-build/CMakeFiles/CMakeScratch/TryCompile-zbQ2kR -resource-dir /Library/Developer/CommandLineTools/usr/lib/clang/17 -dependency-file CMakeFiles/cmTC_f112a.dir/CMakeCCompilerABI.c.o.d -skip-unused-modulemap-deps -MT CMakeFiles/cmTC_f112a.dir/CMakeCCompilerABI.c.o -sys-header-deps -isysroot /Library/Developer/CommandLineTools/SDKs/MacOSX26.2.sdk -internal-isystem /Library/Developer/CommandLineTools/SDKs/MacOSX26.2.sdk/usr/local/include -internal-isystem /Library/Developer/CommandLineTools/usr/lib/clang/17/include -internal-externc-isystem /Library/Developer/CommandLineTools/SDKs/MacOSX26.2.sdk/usr/include -internal-externc-isystem /Library/Developer/CommandLineTools/usr/include -internal-iframework /Library/Developer/CommandLineTools/SDKs/MacOSX26.2.sdk/System/Library/Frameworks -internal-iframework /Library/Developer/CommandLineTools/SDKs/MacOSX26.2.sdk/System/Library/SubFrameworks -internal-iframework /Library/Developer/CommandLineTools/SDKs/MacOSX26.2.sdk/Library/Frameworks -Wno-reorder-init-list -Wno-implicit-int-float-conversion -Wno-c99-designator -Wno-final-dtor-non-final-class -Wno-extra-semi-stmt -Wno-misleading-indentation -Wno-quoted-include-in-framework-header -Wno-implicit-fallthrough -Wno-enum-enum-conversion -Wno-enum-float-conversion -Wno-elaborated-enum-base -ferror-limit 19 -stack-protector 1 -fstack-check -mdarwin-stkchk-strong-link -fblocks -fencode-extended-block-signature -fregister-global-dtors-with-atexit -fgnuc-version=4.2.1 -fskip-odr-check-in-gmf -fmax-type-align=16 -fcommon -clang-vendor-feature=+disableNonDependentMemberExprInCurrentInstantiation -fno-odr-hash-protocols -clang-vendor-feature=+enableAggressiveVLAFolding -clang-vendor-feature=+revert09abecef7bbf -clang-vendor-feature=+thisNoAlignAttr -clang-vendor-feature=+thisNoNullAttr -clang-vendor-feature=+disableAtImportPrivateFrameworkInImplementationError -D__GCC_HAVE_DWARF2_CFI_ASM=1 -o CMakeFiles/cmTC_f112a.dir/CMakeCCompilerABI.c.o -x c /opt/homebrew/Cellar/cmake/3.25.2/share/cmake/Modules/CMakeCCompilerABI.c]
  ignore line: [clang -cc1 version 17.0.0 (clang-1700.6.3.2) default target arm64-apple-darwin25.2.0]
  ignore line: [ignoring nonexistent directory "/Library/Developer/CommandLineTools/SDKs/MacOSX26.2.sdk/usr/local/include"]
  ignore line: [ignoring nonexistent directory "/Library/Developer/CommandLineTools/SDKs/MacOSX26.2.sdk/Library/Frameworks"]
  ignore line: [#include "..." search starts here:]
  ignore line: [#include <...> search starts here:]
  ignore line: [ /Library/Developer/CommandLineTools/usr/lib/clang/17/include]
  ignore line: [ /Library/Developer/CommandLineTools/SDKs/MacOSX26.2.sdk/usr/include]
  ignore line: [ /Library/Developer/CommandLineTools/usr/include]
  ignore line: [ /Library/Developer/CommandLineTools/SDKs/MacOSX26.2.sdk/System/Library/Frameworks (framework directory)]
  ignore line: [ /Library/Developer/CommandLineTools/SDKs/MacOSX26.2.sdk/System/Library/SubFrameworks (framework directory)]
  ignore line: [End of search list.]
  ignore line: [Linking C executable cmTC_f112a]
  ignore line: [/opt/homebrew/Cellar/cmake/3.25.2/bin/cmake -E cmake_link_script CMakeFiles/cmTC_f112a.dir/link.txt --verbose=1]
  ignore line: [/Library/Developer/CommandLineTools/usr/bin/cc  -arch arm64 -isysroot /Library/Developer/CommandLineTools/SDKs/MacOSX26.2.sdk -Wl -search_paths_first -Wl -headerpad_max_install_names  -v -Wl -v CMakeFiles/cmTC_f112a.dir/CMakeCCompilerABI.c.o -o cmTC_f112a ]
  ignore line: [Apple clang version 17.0.0 (clang-1700.6.3.2)]
  ignore line: [Target: arm64-apple-darwin25.2.0]
  ignore line: [Thread model: posix]
  ignore line: [InstalledDir: /Library/Developer/CommandLineTools/usr/bin]
  link line: [ "/Library/Developer/CommandLineTools/usr/bin/ld" -demangle -lto_library /Library/Developer/CommandLineTools/usr/lib/libLTO.dylib -dynamic -arch arm64 -platform_version macos 26.0.0 26.2 -syslibroot /Library/Developer/CommandLineTools/SDKs/MacOSX26.2.sdk -mllvm -enable-linkonceodr-outlining -o cmTC_f112a -search_paths_first -headerpad_max_install_names -v CMakeFiles/cmTC_f112a.dir/CMakeCCompilerABI.c.o -lSystem /Library/Developer/CommandLineTools/usr/lib/clang/17/lib/darwin/libclang_rt.osx.a]
    arg [/Library/Developer/CommandLineTools/usr/bin/ld] ==> ignore
    arg [-demangle] ==> ignore
    arg [-lto_library] ==> ignore, skip following value
    arg [/Library/Developer/CommandLineTools/usr/lib/libLTO.dylib] ==> skip value of -lto_library
    arg [-dynamic] ==> ignore
    arg [-arch] ==> ignore
    arg [arm64] ==> ignore
    arg [-platform_version] ==> ignore
    arg [macos] ==> ignore
    arg [26.0.0] ==> ignore
    arg [26.2] ==> ignore
    arg [-syslibroot] ==> ignore
    arg [/Library/Developer/CommandLineTools/SDKs/MacOSX26.2.sdk] ==> ignore
    arg [-mllvm] ==> ignore
    arg [-enable-linkonceodr-outlining] ==> ignore
    arg [-o] ==> ignore
    arg [cmTC_f112a] ==> ignore
    arg [-search_paths_first] ==> ignore
    arg [-headerpad_max_install_names] ==> ignore
    arg [-v] ==> ignore
    arg [CMakeFiles/cmTC_f112a.dir/CMakeCCompilerABI.c.o] ==> ignore
    arg [-lSystem] ==> lib [System]
    arg [/Library/Developer/CommandLineTools/usr/lib/clang/17/lib/darwin/libclang_rt.osx.a] ==> lib [/Library/Developer/CommandLineTools/usr/lib/clang/17/lib/darwin/libclang_rt.osx.a]
  Library search paths: [;/Library/Developer/CommandLineTools/SDKs/MacOSX26.2.sdk/usr/lib;/Library/Developer/CommandLineTools/SDKs/MacOSX26.2.sdk/usr/lib/swift]
  Framework search paths: [;/Library/Developer/CommandLineTools/SDKs/MacOSX26.2.sdk/System/Library/Frameworks]
  remove lib [System]
  remove lib [/Library/Developer/CommandLineTools/usr/lib/clang/17/lib/darwin/libclang_rt.osx.a]
  collapse library dir [/Library/Developer/CommandLineTools/SDKs/MacOSX26.2.sdk/usr/lib] ==> [/Library/Developer/CommandLineTools/SDKs/MacOSX26.2.sdk/usr/lib]
  collapse library dir [/Library/Developer/CommandLineTools/SDKs/MacOSX26.2.sdk/usr/lib/swift] ==> [/Library/Developer/CommandLineTools/SDKs/MacOSX26.2.sdk/usr/lib/swift]
  collapse framework dir [/Library/Developer/CommandLineTools/SDKs/MacOSX26.2.sdk/System/Library/Frameworks] ==> [/Library/Developer/CommandLineTools/SDKs/MacOSX26.2.sdk/System/Library/Frameworks]
  implicit libs: []
  implicit objs: []
  implicit dirs: [/Library/Developer/CommandLineTools/SDKs/MacOSX26.2.sdk/usr/lib;/Library/Developer/CommandLineTools/SDKs/MacOSX26.2.sdk/usr/lib/swift]
  implicit fwks: [/Library/Developer/CommandLineTools/SDKs/MacOSX26.2.sdk/System/Library/Frameworks]


Detecting CXX compiler ABI info compiled with the following output:
Change Dir: /Users/pavel/libcbor/cmake-build/CMakeFiles/CMakeScratch/TryCompile-sqCVCw

Run Build Command(s):/usr/bin/make -f Makefile cmTC_8f9bd/fast && /Library/Developer/CommandLineTools/usr/bin/make  -f CMakeFiles/cmTC_8f9bd.dir/build.make CMakeFiles/cmTC_8f9bd.dir/build
Building CXX object CMakeFiles/cmTC_8f9bd.dir/CMakeCXXCompilerABI.cpp.o
/Library/Developer/CommandLineTools/usr/bin/c++   -arch arm64 -isysroot /Library/Developer/CommandLineTools/SDKs/MacOSX26.2.sdk   -v -Wl,-v -MD -MT CMakeFiles/cmTC_8f9bd.dir/CMakeCXXCompilerABI.cpp.o -MF CMakeFiles/cmTC_8f9bd.dir/CMakeCXXCompilerABI.cpp.o.d -o CMakeFiles/cmTC_8f9bd.dir/CMakeCXXCompilerABI.cpp.o -c /opt/homebrew/Cellar/cmake/3.25.2/share/cmake/Modules/CMakeCXXCompilerABI.cpp
Apple clang version 17.0.0 (clang-1700.6.3.2)
Target: arm64-apple-darwin25.2.0
Thread model: posix
InstalledDir: /Library/Developer/CommandLineTools/usr/bin
c++: warning: -Wl,-v: 'linker' input unused [-Wunused-command-line-argument]
ignoring nonexistent directory "/Library/Developer/CommandLineTools/usr/bin/../include/c++/v1"
 "/Library/Developer/CommandLineTools/usr/bin/clang" -cc1 -triple arm64-apple-macosx26.0.0 -Wundef-prefix=TARGET_OS_ -Wdeprecated-objc-isa-usage -Werror=deprecated-objc-isa-usage -Werror=implicit-function-declaration -emit-obj -disable-free -clear-ast-before-backend -disable-llvm-verifier -discard-value-names -main-file-name CMakeCXXCompilerABI.cpp -mrelocation-model pic -pic-level 2 -mframe-pointer=non-leaf -fno-strict-return -ffp-contract=on -fno-rounding-math -funwind-tables=1 -fobjc-msgsend-selector-stubs -target-sdk-version=26.2 -fvisibility-inlines-hidden-static-local-var -fdefine-target-os-macros -fno-assume-unique-vtables -fno-modulemap-allow-subdirectory-search -target-cpu apple-m1 -target-feature +zcm -target-feature +zcz -target-feature +v8.5a -target-feature +aes -target-feature +altnzcv -target-feature +ccdp -target-feature +complxnum -target-feature +crc -target-feature +dotprod -target-feature +fp-armv8 -target-feature +fp16fml -target-feature +fptoint -target-feature +fullfp16 -target-feature +jsconv -target-feature +lse -target-feature +neon -target-feature +pauth -target-feature +perfmon -target-feature +predres -target-feature +ras -target-feature +rcpc -target-feature +rdm -target-feature +sb -target-feature +sha2 -target-feature +sha3 -target-feature +specrestrict -target-feature +ssbs -target-abi darwinpcs -debugger-tuning=lldb -fdebug-compilation-dir=/Users/pavel/libcbor/cmake-build/CMakeFiles/CMakeScratch/TryCompile-sqCVCw -target-linker-version 1230.1 -v -fcoverage-compilation-dir=/Users/pavel/libcbor/cmake-build/CMakeFiles/CMakeScratch/TryCompile-sqCVCw -resource-dir /Library/Developer/CommandLineTools/usr/lib/clang/17 -dependency-file CMakeFiles/cmTC_8f9bd.dir/CMakeCXXCompilerABI.cpp.o.d -skip-unused-modulemap-deps -MT CMakeFiles/cmTC_8f9bd.dir/CMakeCXXCompilerABI.cpp.o -sys-header-deps -isysroot /Library/Developer/CommandLineTools/SDKs/MacOSX26.2.sdk -internal-isystem /Library/Developer/CommandLineTools/SDKs/MacOSX26.2.sdk/usr/include/c++/v1 -internal-isystem /Library/Developer/CommandLineTools/SDKs/MacOSX26.2.sdk/usr/local/include -internal-isystem /Library/Developer/CommandLineTools/usr/lib/clang/17/include -internal-externc-isystem /Library/Developer/CommandLineTools/SDKs/MacOSX26.2.sdk/usr/include -internal-externc-isystem /Library/Developer/CommandLineTools/usr/include -internal-iframework /Library/Developer/CommandLineTools/SDKs/MacOSX26.2.sdk/System/Library/Frameworks -internal-iframework /Library/Developer/CommandLineTools/SDKs/MacOSX26.2.sdk/System/Library/SubFrameworks -internal-iframework /Library/Developer/CommandLineTools/SDKs/MacOSX26.2.sdk/Library/Frameworks -Wno-reorder-init-list -Wno-implicit-int-float-conversion -Wno-c99-designator -Wno-final-dtor-non-final-class -Wno-extra-semi-stmt -Wno-misleading-indentation -Wno-quoted-include-in-framework-header -Wno-implicit-fallthrough -Wno-enum-enum-conversion -Wno-enum-float-conversion -Wno-elaborated-enum-base -fdeprecated-macro -ferror-limit 19 -stack-protector 1 -fstack-check -mdarwin-stkchk-strong-link -fblocks -fencode-extended-block-signature -fregister-global-dtors-with-atexit -fgnuc-version=4.2.1 -fno-cxx-modules -fskip-odr-check-in-gmf -fcxx-exceptions -fexceptions -fmax-type-align=16 -fcommon -clang-vendor-feature=+disableNonDependentMemberExprInCurrentInstantiation -fno-odr-hash-protocols -clang-vendor-feature=+enableAggressiveVLAFolding -clang-vendor-feature=+revert09abecef7bbf -clang-vendor-feature=+thisNoAlignAttr -clang-vendor-feature=+thisNoNullAttr -clang-vendor-feature=+disableAtImportPrivateFrameworkInImplementationError -D__GCC_HAVE_DWARF2_CFI_ASM=1 -o CMakeFiles/cmTC_8f9bd.dir/CMakeCXXCompilerABI.cpp.o -x c++ /opt/homebrew/Cellar/cmake/3.25.2/share/cmake/Modules/CMakeCXXCompilerABI.cpp
clang -cc1 version 17.0.0 (clang-1700.6.3.2) default target arm64-apple-darwin25.2.0
ignoring nonexistent directory "/Library/Developer/CommandLineTools/SDKs/MacOSX26.2.sdk/usr/local/include"
ignoring nonexistent directory "/Library/Developer/CommandLineTools/SDKs/MacOSX26.2.sdk/Library/Frameworks"
#include "..." search starts here:
#include <...> search starts here:
 /Library/Developer/CommandLineTools/SDKs/MacOSX26.2.sdk/usr/include/c++/v1
 /Library/Developer/CommandLineTools/usr/lib/clang/17/include
 /Library/Developer/CommandLineTools/SDKs/MacOSX26.2.sdk/usr/include
 /Library/Developer/CommandLineTools/usr/include
 /Library/Developer/CommandLineTools/SDKs/MacOSX26.2.sdk/System/Library/Frameworks (framework directory)
 /Library/Developer/CommandLineTools/SDKs/MacOSX26.2.sdk/System/Library/SubFrameworks (framework directory)
End of search list.
Linking CXX executable cmTC_8f9bd
/opt/homebrew/Cellar/cmake/3.25.2/bin/cmake -E cmake_link_script CMakeFiles/cmTC_8f9bd.dir/link.txt --verbose=1
/Library/Developer/CommandLineTools/usr/bin/c++  -arch arm64 -isysroot /Library/Developer/CommandLineTools/SDKs/MacOSX26.2.sdk -Wl,-search_paths_first -Wl,-headerpad_max_install_names  -v -Wl,-v CMakeFiles/cmTC_8f9bd.dir/CMakeCXXCompilerABI.cpp.o -o cmTC_8f9bd 
Apple clang version 17.0.0 (clang-1700.6.3.2)
Target: arm64-apple-darwin25.2.0
Thread model: posix
InstalledDir: /Library/Developer/CommandLineTools/usr/bin
 "/Library/Developer/CommandLineTools/usr/bin/ld" -demangle -lto_library /Library/Developer/CommandLineTools/usr/lib/libLTO.dylib -dynamic -arch arm64 -platform_version macos 26.0.0 26.2 -syslibroot /Library/Developer/CommandLineTools/SDKs/MacOSX26.2.sdk -mllvm -enable-linkonceodr-outlining -o cmTC_8f9bd -search_paths_first -headerpad_max_install_names -v CMakeFiles/cmTC_8f9bd.dir/CMakeCXXCompilerABI.cpp.o -lc++ -lSystem /Library/Developer/CommandLineTools/usr/lib/clang/17/lib/darwin/libclang_rt.osx.a
@(#)PROGRAM:ld PROJECT:ld-1230.1
BUILD 06:36:05 Dec  2 2025
configured to support archs: armv6 armv7 armv7s arm64 arm64e arm64_32 i386 x86_64 x86_64h armv6m armv7k armv7m armv7em armv8m.main armv8.1m.main
will use ld-classic for: armv6 armv7 armv7s i386 armv6m armv7k armv7m armv7em
LTO support using: LLVM version 17.0.0 (static support for 29, runtime is 29)
TAPI support using: Apple TAPI version 17.0.0 (tapi-1700.3.8)
Library search paths:
	/Library/Developer/CommandLineTools/SDKs/MacOSX26.2.sdk/usr/lib
	/Library/Developer/CommandLineTools/SDKs/MacOSX26.2.sdk/usr/lib/swift
Framework search paths:
	/Library/Developer/CommandLineTools/SDKs/MacOSX26.2.sdk/System/Library/Frameworks



Parsed CXX implicit include dir info from above output: rv=done
  found start of include info
  found start of implicit include info
    add: [/Library/Developer/CommandLineTools/SDKs/MacOSX26.2.sdk/usr/include/c++/v1]
    add: [/Library/Developer/CommandLineTools/usr/lib/clang/17/include]
    add: [/Library/Developer/CommandLineTools/SDKs/MacOSX26.2.sdk/usr/include]
    add: [/Library/Developer/CommandLineTools/usr/include]
  end of search list found
  collapse include dir [/Library/Developer/CommandLineTools/SDKs/MacOSX26.2.sdk/usr/include/c++/v1] ==> [/Library/Developer/CommandLineTools/SDKs/MacOSX26.2.sdk/usr/include/c++/v1]
  collapse include dir [/Library/Developer/CommandLineTools/usr/lib/clang/17/include] ==> [/Library/Developer/CommandLineTools/usr/lib/clang/17/include]
  collapse include dir [/Library/Developer/CommandLineTools/SDKs/MacOSX26.2.sdk/usr/include] ==> [/Library/Developer/CommandLineTools/SDKs/MacOSX26.2.sdk/usr/include]
  collapse include dir [/Library/Developer/CommandLineTools/usr/include] ==> [/Library/Developer/CommandLineTools/usr/include]
  implicit include dirs: [/Library/Developer/CommandLineTools/SDKs/MacOSX26.2.sdk/usr/include/c++/v1;/Library/Developer/CommandLineTools/usr/lib/clang/17/include;/Library/Developer/CommandLineTools/SDKs/MacOSX26.2.sdk/usr/include;/Library/Developer/CommandLineTools/usr/include]


Parsed CXX implicit link information from above output:
  link line regex: [^( *|.*[/\])(ld|CMAKE_LINK_STARTFILE-NOTFOUND|([^/\]+-)?ld|collect2)[^/\]*( |$)]
  ignore line: [Change Dir: /Users/pavel/libcbor/cmake-build/CMakeFiles/CMakeScratch/TryCompile-sqCVCw]
  ignore line: []
  ignore line: [Run Build Command(s):/usr/bin/make -f Makefile cmTC_8f9bd/fast && /Library/Developer/CommandLineTools/usr/bin/make  -f CMakeFiles/cmTC_8f9bd.dir/build.make CMakeFiles/cmTC_8f9bd.dir/build]
  ignore line: [Building CXX object CMakeFiles/cmTC_8f9bd.dir/CMakeCXXCompilerABI.cpp.o]
  ignore line: [/Library/Developer/CommandLineTools/usr/bin/c++   -arch arm64 -isysroot /Library/Developer/CommandLineTools/SDKs/MacOSX26.2.sdk   -v -Wl -v -MD -MT CMakeFiles/cmTC_8f9bd.dir/CMakeCXXCompilerABI.cpp.o -MF CMakeFiles/cmTC_8f9bd.dir/CMakeCXXCompilerABI.cpp.o.d -o CMakeFiles/cmTC_8f9bd.dir/CMakeCXXCompilerABI.cpp.o -c /opt/homebrew/Cellar/cmake/3.25.2/share/cmake/Modules/CMakeCXXCompilerABI.cpp]
  ignore line: [Apple clang version 17.0.0 (clang-1700.6.3.2)]
  ignore line: [Target: arm64-apple-darwin25.2.0]
  ignore line: [Thread model: posix]
  ignore line: [InstalledDir: /Library/Developer/CommandLineTools/usr/bin]
  ignore line: [c++: warning: -Wl -v: 'linker' input unused [-Wunused-command-line-argument]]
  ignore line: [ignoring nonexistent directory "/Library/Developer/CommandLineTools/usr/bin/../include/c++/v1"]
  ignore line: [ "/Library/Developer/CommandLineTools/usr/bin/clang" -cc1 -triple arm64-apple-macosx26.0.0 -Wundef-prefix=TARGET_OS_ -Wdeprecated-objc-isa-usage -Werror=deprecated-objc-isa-usage -Werror=implicit-function-declaration -emit-obj -disable-free -clear-ast-before-backend -disable-llvm-verifier -discard-value-names -main-file-name CMakeCXXCompilerABI.cpp -mrelocation-model pic -pic-level 2 -mframe-pointer=non-leaf -fno-strict-return -ffp-contract=on -fno-rounding-math -funwind-tables=1 -fobjc-msgsend-selector-stubs -target-sdk-version=26.2 -fvisibility-inlines-hidden-static-local-var -fdefine-target-os-macros -fno-assume-unique-vtables -fno-modulemap-allow-subdirectory-search -target-cpu apple-m1 -target-feature +zcm -target-feature +zcz -target-feature +v8.5a -target-feature +aes -target-feature +altnzcv -target-feature +ccdp -target-feature +complxnum -target-feature +crc -target-feature +dotprod -target-feature +fp-armv8 -target-feature +fp16fml -target-feature +fptoint -target-feature +fullfp16 -target-feature +jsconv -target-feature +lse -target-feature +neon -target-feature +pauth -target-feature +perfmon -target-feature +predres -target-feature +ras -target-feature +rcpc -target-feature +rdm -target-feature +sb -target-feature +sha2 -target-feature +sha3 -target-feature +specrestrict -target-feature +ssbs -target-abi darwinpcs -debugger-tuning=lldb -fdebug-compilation-dir=/Users/pavel/libcbor/cmake-build/CMakeFiles/CMakeScratch/TryCompile-sqCVCw -target-linker-version 1230.1 -v -fcoverage-compilation-dir=/Users/pavel/libcbor/cmake-build/CMakeFiles/CMakeScratch/TryCompile-sqCVCw -resource-dir /Library/Developer/CommandLineTools/usr/lib/clang/17 -dependency-file CMakeFiles/cmTC_8f9bd.dir/CMakeCXXCompilerABI.cpp.o.d -skip-unused-modulemap-deps -MT CMakeFiles/cmTC_8f9bd.dir/CMakeCXXCompilerABI.cpp.o -sys-header-deps -isysroot /Library/Developer/CommandLineTools/SDKs/MacOSX26.2.sdk -internal-isystem /Library/Developer/CommandLineTools/SDKs/MacOSX26.2.sdk/usr/include/c++/v1 -internal-isystem /Library/Developer/CommandLineTools/SDKs/MacOSX26.2.sdk/usr/local/include -internal-isystem /Library/Developer/CommandLineTools/usr/lib/clang/17/include -internal-externc-isystem /Library/Developer/CommandLineTools/SDKs/MacOSX26.2.sdk/usr/include -internal-externc-isystem /Library/Developer/CommandLineTools/usr/include -internal-iframework /Library/Developer/CommandLineTools/SDKs/MacOSX26.2.sdk/System/Library/Frameworks -internal-iframework /Library/Developer/CommandLineTools/SDKs/MacOSX26.2.sdk/System/Library/SubFrameworks -internal-iframework /Library/Developer/CommandLineTools/SDKs/MacOSX26.2.sdk/Library/Frameworks -Wno-reorder-init-list -Wno-implicit-int-float-conversion -Wno-c99-designator -Wno-final-dtor-non-final-class -Wno-extra-semi-stmt -Wno-misleading-indentation -Wno-quoted-include-in-framework-header -Wno-implicit-fallthrough -Wno-enum-enum-conversion -Wno-enum-float-conversion -Wno-elaborated-enum-base -fdeprecated-macro -ferror-limit 19 -stack-protector 1 -fstack-check -mdarwin-stkchk-strong-link -fblocks -fencode-extended-block-signature -fregister-global-dtors-with-atexit -fgnuc-version=4.2.1 -fno-cxx-modules -fskip-odr-check-in-gmf -fcxx-exceptions -fexceptions -fmax-type-align=16 -fcommon -clang-vendor-feature=+disableNonDependentMemberExprInCurrentInstantiation -fno-odr-hash-protocols -clang-vendor-feature=+enableAggressiveVLAFolding -clang-vendor-feature=+revert09abecef7bbf -clang-vendor-feature=+thisNoAlignAttr -clang-vendor-feature=+thisNoNullAttr -clang-vendor-feature=+disableAtImportPrivateFrameworkInImplementationError -D__GCC_HAVE_DWARF2_CFI_ASM=1 -o CMakeFiles/cmTC_8f9bd.dir/CMakeCXXCompilerABI.cpp.o -x c++ /opt/homebrew/Cellar/cmake/3.25.2/share/cmake/Modules/CMakeCXXCompilerABI.cpp]
  ignore line: [clang -cc1 version 17.0.0 (clang-1700.6.3.2) default target arm64-apple-darwin25.2.0]
  ignore line: [ignoring nonexistent directory "/Library/Developer/CommandLineTools/SDKs/MacOSX26.2.sdk/usr/local/include"]
  ignore line: [ignoring nonexistent directory "/Library/Developer/CommandLineTools/SDKs/MacOSX26.2.sdk/Library/Frameworks"]
  ignore line: [#include "..." search starts here:]
  ignore line: [#include <...> search starts here:]
  ignore line: [ /Library/Developer/CommandLineTools/SDKs/MacOSX26.2.sdk/usr/include/c++/v1]
  ignore line: [ /Library/Developer/CommandLineTools/usr/lib/clang/17/include]
  ignore line: [ /Library/Developer/CommandLineTools/SDKs/MacOSX26.2.sdk/usr/include]
  ignore line: [ /Library/Developer/CommandLineTools/usr/include]
  ignore line: [ /Library/Developer/CommandLineTools/SDKs/MacOSX26.2.sdk/System/Library/Frameworks (framework directory)]
  ignore line: [ /Library/Developer/CommandLineTools/SDKs/MacOSX26.2.sdk/System/Library/SubFrameworks (framework directory)]
  ignore line: [End of search list.]
  ignore line: [Linking CXX executable cmTC_8f9bd]
  ignore line: [/opt/homebrew/Cellar/cmake/3.25.2/bin/cmake -E cmake_link_script CMakeFiles/cmTC_8f9bd.dir/link.txt --verbose=1]
  ignore line: [/Library/Developer/CommandLineTools/usr/bin/c++  -arch arm64 -isysroot /Library/Developer/CommandLineTools/SDKs/MacOSX26.2.sdk -Wl -search_paths_first -Wl -headerpad_max_install_names  -v -Wl -v CMakeFiles/cmTC_8f9bd.dir/CMakeCXXCompilerABI.cpp.o -o cmTC_8f9bd ]
  ignore line: [Apple clang version 17.0.0 (clang-1700.6.3.2)]
  ignore line: [Target: arm64-apple-darwin25.2.0]
  ignore line: [Thread model: posix]
  ignore line: [InstalledDir: /Library/Developer/CommandLineTools/usr/bin]
  link line: [ "/Library/Developer/CommandLineTools/usr/bin/ld" -demangle -lto_library /Library/Developer/CommandLineTools/usr/lib/libLTO.dylib -dynamic -arch arm64 -platform_version macos 26.0.0 26.2 -syslibroot /Library/Developer/CommandLineTools/SDKs/MacOSX26.2.sdk -mllvm -enable-linkonceodr-outlining -o cmTC_8f9bd -search_paths_first -headerpad_max_install_names -v CMakeFiles/cmTC_8f9bd.dir/CMakeCXXCompilerABI.cpp.o -lc++ -lSystem /Library/Developer/CommandLineTools/usr/lib/clang/17/lib/darwin/libclang_rt.osx.a]
    arg [/Library/Developer/CommandLineTools/usr/bin/ld] ==> ignore
    arg [-demangle] ==> ignore
    arg [-lto_library] ==> ignore, skip following value
    arg [/Library/Developer/CommandLineTools/usr/lib/libLTO.dylib] ==> skip value of -lto_library
    arg [-dynamic] ==> ignore
    arg [-arch] ==> ignore
    arg [arm64] ==> ignore
    arg [-platform_version] ==> ignore
    arg [macos] ==> ignore
    arg [26.0.0] ==> ignore
    arg [26.2] ==> ignore
    arg [-syslibroot] ==> ignore
    arg [/Library/Developer/CommandLineTools/SDKs/MacOSX26.2.sdk] ==> ignore
    arg [-mllvm] ==> ignore
    arg [-enable-linkonceodr-outlining] ==> ignore
    arg [-o] ==> ignore
    arg [cmTC_8f9bd] ==> ignore
    arg [-search_paths_first] ==> ignore
    arg [-headerpad_max_install_names] ==> ignore
    arg [-v] ==> ignore
    arg [CMakeFiles/cmTC_8f9bd.dir/CMakeCXXCompilerABI.cpp.o] ==> ignore
    arg [-lc++] ==> lib [c++]
    arg [-lSystem] ==> lib [System]
    arg [/Library/Developer/CommandLineTools/usr/lib/clang/17/lib/darwin/libclang_rt.osx.a] ==> lib [/Library/Developer/CommandLineTools/usr/lib/clang/17/lib/darwin/libclang_rt.osx.a]
  Library search paths: [;/Library/Developer/CommandLineTools/SDKs/MacOSX26.2.sdk/usr/lib;/Library/Developer/CommandLineTools/SDKs/MacOSX26.2.sdk/usr/lib/swift]
  Framework search paths: [;/Library/Developer/CommandLineTools/SDKs/MacOSX26.2.sdk/System/Library/Frameworks]
  remove lib [System]
  remove lib [/Library/Developer/CommandLineTools/usr/lib/clang/17/lib/darwin/libclang_rt.osx.a]
  collapse library dir [/Library/Developer/CommandLineTools/SDKs/MacOSX26.2.sdk/usr/lib] ==> [/Library/Developer/CommandLineTools/SDKs/MacOSX26.2.sdk/usr/lib]
  collapse library dir [/Library/Developer/CommandLineTools/SDKs/MacOSX26.2.sdk/usr/lib/swift] ==> [/Library/Developer/CommandLineTools/SDKs/MacOSX26.2.sdk/usr/lib/swift]
  collapse framework dir [/Library/Developer/CommandLineTools/SDKs/MacOSX26.2.sdk/System/Library/Frameworks] ==> [/Library/Developer/CommandLineTools/SDKs/MacOSX26.2.sdk/System/Library/Frameworks]
  implicit libs: [c++]
  implicit objs: []
  implicit dirs: [/Library/Developer/CommandLineTools/SDKs/MacOSX26.2.sdk/usr/lib;/Library/Developer/CommandLineTools/SDKs/MacOSX26.2.sdk/usr/lib/swift]
  implicit fwks: [/Library/Developer/CommandLineTools/SDKs/MacOSX26.2.sdk/System/Library/Frameworks]


Performing C SOURCE FILE Test HAS_NODISCARD_ATTRIBUTE succeeded with the following output:
Change Dir: /Users/pavel/libcbor/cmake-build/CMakeFiles/CMakeScratch/TryCompile-qVgHwP

Run Build Command(s):/usr/bin/make -f Makefile cmTC_e3b29/fast && /Library/Developer/CommandLineTools/usr/bin/make  -f CMakeFiles/cmTC_e3b29.dir/build.make CMakeFiles/cmTC_e3b29.dir/build
Building C object CMakeFiles/cmTC_e3b29.dir/src.c.o
/Library/Developer/CommandLineTools/usr/bin/cc -DHAS_NODISCARD_ATTRIBUTE  -arch arm64 -isysroot /Library/Developer/CommandLineTools/SDKs/MacOSX26.2.sdk -MD -MT CMakeFiles/cmTC_e3b29.dir/src.c.o -MF CMakeFiles/cmTC_e3b29.dir/src.c.o.d -o CMakeFiles/cmTC_e3b29.dir/src.c.o -c /Users/pavel/libcbor/cmake-build/CMakeFiles/CMakeScratch/TryCompile-qVgHwP/src.c
Linking C executable cmTC_e3b29
/opt/homebrew/Cellar/cmake/3.25.2/bin/cmake -E cmake_link_script CMakeFiles/cmTC_e3b29.dir/link.txt --verbose=1
/Library/Developer/CommandLineTools/usr/bin/cc  -arch arm64 -isysroot /Library/Developer/CommandLineTools/SDKs/MacOSX26.2.sdk -Wl,-search_paths_first -Wl,-headerpad_max_install_names CMakeFiles/cmTC_e3b29.dir/src.c.o -o cmTC_e3b29 


Source file was:

  #include <stdio.h>
  [[nodiscard]] int f(void) { return 42; }
  int main(void) { return f(); }


Determining if the include file sys/types.h exists passed with the following output:
Change Dir: /Users/pavel/libcbor/cmake-build/CMakeFiles/CMakeScratch/TryCompile-pVtl3y

Run Build Command(s):/usr/bin/make -f Makefile cmTC_611af/fast && /Library/Developer/CommandLineTools/usr/bin/make  -f CMakeFiles/cmTC_611af.dir/build.make CMakeFiles/cmTC_611af.dir/build
Building C object CMakeFiles/cmTC_611af.dir/CheckIncludeFile.c.o
/Library/Developer/CommandLineTools/usr/bin/cc   -pedantic  -arch arm64 -isysroot /Library/Developer/CommandLineTools/SDKs/MacOSX26.2.sdk -MD -MT CMakeFiles/cmTC_611af.dir/CheckIncludeFile.c.o -MF CMakeFiles/cmTC_611af.dir/CheckIncludeFile.c.o.d -o CMakeFiles/cmTC_611af.dir/CheckIncludeFile.c.o -c /Users/pavel/libcbor/cmake-build/CMakeFiles/CMakeScratch/TryCompile-pVtl3y/CheckIncludeFile.c
Linking C executable cmTC_611af
/opt/homebrew/Cellar/cmake/3.25.2/bin/cmake -E cmake_link_script CMakeFiles/cmTC_611af.dir/link.txt --verbose=1
/Library/Developer/CommandLineTools/usr/bin/cc  -pedantic  -arch arm64 -isysroot /Library/Developer/CommandLineTools/SDKs/MacOSX26.2.sdk -Wl,-search_paths_first -Wl,-headerpad_max_install_names CMakeFiles/cmTC_611af.dir/CheckIncludeFile.c.o -o cmTC_611af 



Determining if the include file stdint.h exists passed with the following output:
Change Dir: /Users/pavel/libcbor/cmake-build/CMakeFiles/CMakeScratch/TryCompile-s1I1Uz

Run Build Command(s):/usr/bin/make -f Makefile cmTC_df4bc/fast && /Library/Developer/CommandLineTools/usr/bin/make  -f CMakeFiles/cmTC_df4bc.dir/build.make CMakeFiles/cmTC_df4bc.dir/build
Building C object CMakeFiles/cmTC_df4bc.dir/CheckIncludeFile.c.o
/Library/Developer/CommandLineTools/usr/bin/cc   -pedantic  -arch arm64 -isysroot /Library/Developer/CommandLineTools/SDKs/MacOSX26.2.sdk -MD -MT CMakeFiles/cmTC_df4bc.dir/CheckIncludeFile.c.o -MF CMakeFiles/cmTC_df4bc.dir/CheckIncludeFile.c.o.d -o CMakeFiles/cmTC_df4bc.dir/CheckIncludeFile.c.o -c /Users/pavel/libcbor/cmake-build/CMakeFiles/CMakeScratch/TryCompile-s1I1Uz/CheckIncludeFile.c
Linking C executable cmTC_df4bc
/opt/homebrew/Cellar/cmake/3.25.2/bin/cmake -E cmake_link_script CMakeFiles/cmTC_df4bc.dir/link.txt --verbose=1
/Library/Developer/CommandLineTools/usr/bin/cc  -pedantic  -arch arm64 -isysroot /Library/Developer/CommandLineTools/SDKs/MacOSX26.2.sdk -Wl,-search_paths_first -Wl,-headerpad_max_install_names CMakeFiles/cmTC_df4bc.dir/CheckIncludeFile.c.o -o cmTC_df4bc 



Determining if the include file stddef.h exists passed with the following output:
Change Dir: /Users/pavel/libcbor/cmake-build/CMakeFiles/CMakeScratch/TryCompile-bddFgA

Run Build Command(s):/usr/bin/make -f Makefile cmTC_bd858/fast && /Library/Developer/CommandLineTools/usr/bin/make  -f CMakeFiles/cmTC_bd858.dir/build.make CMakeFiles/cmTC_bd858.dir/build
Building C object CMakeFiles/cmTC_bd858.dir/CheckIncludeFile.c.o
/Library/Developer/CommandLineTools/usr/bin/cc   -pedantic  -arch arm64 -isysroot /Library/Developer/CommandLineTools/SDKs/MacOSX26.2.sdk -MD -MT CMakeFiles/cmTC_bd858.dir/CheckIncludeFile.c.o -MF CMakeFiles/cmTC_bd858.dir/CheckIncludeFile.c.o.d -o CMakeFiles/cmTC_bd858.dir/CheckIncludeFile.c.o -c /Users/pavel/libcbor/cmake-build/CMakeFiles/CMakeScratch/TryCompile-bddFgA/CheckIncludeFile.c
Linking C executable cmTC_bd858
/opt/homebrew/Cellar/cmake/3.25.2/bin/cmake -E cmake_link_script CMakeFiles/cmTC_bd858.dir/link.txt --verbose=1
/Library/Developer/CommandLineTools/usr/bin/cc  -pedantic  -arch arm64 -isysroot /Library/Developer/CommandLineTools/SDKs/MacOSX26.2.sdk -Wl,-search_paths_first -Wl,-headerpad_max_install_names CMakeFiles/cmTC_bd858.dir/CheckIncludeFile.c.o -o cmTC_bd858 



Determining size of size_t passed with the following output:
Change Dir: /Users/pavel/libcbor/cmake-build/CMakeFiles/CMakeScratch/TryCompile-kBGye0

Run Build Command(s):/usr/bin/make -f Makefile cmTC_09b30/fast && /Library/Developer/CommandLineTools/usr/bin/make  -f CMakeFiles/cmTC_09b30.dir/build.make CMakeFiles/cmTC_09b30.dir/build
Building C object CMakeFiles/cmTC_09b30.dir/SIZEOF_SIZE_T.c.o
/Library/Developer/CommandLineTools/usr/bin/cc   -pedantic  -arch arm64 -isysroot /Library/Developer/CommandLineTools/SDKs/MacOSX26.2.sdk -MD -MT CMakeFiles/cmTC_09b30.dir/SIZEOF_SIZE_T.c.o -MF CMakeFiles/cmTC_09b30.dir/SIZEOF_SIZE_T.c.o.d -o CMakeFiles/cmTC_09b30.dir/SIZEOF_SIZE_T.c.o -c /Users/pavel/libcbor/cmake-build/CMakeFiles/CMakeScratch/TryCompile-kBGye0/SIZEOF_SIZE_T.c
Linking C executable cmTC_09b30
/opt/homebrew/Cellar/cmake/3.25.2/bin/cmake -E cmake_link_script CMakeFiles/cmTC_09b30.dir/link.txt --verbose=1
/Library/Developer/CommandLineTools/usr/bin/cc  -pedantic  -arch arm64 -isysroot /Library/Developer/CommandLineTools/SDKs/MacOSX26.2.sdk -Wl,-search_paths_first -Wl,-headerpad_max_install_names CMakeFiles/cmTC_09b30.dir/SIZEOF_SIZE_T.c.o -o cmTC_09b30 



Performing C SOURCE FILE Test HAS_BUILTIN_UNREACHABLE succeeded with the following output:
Change Dir: /Users/pavel/libcbor/cmake-build/CMakeFiles/CMakeScratch/TryCompile-cZtT9p

Run Build Command(s):/usr/bin/make -f Makefile cmTC_ff86c/fast && /Library/Developer/CommandLineTools/usr/bin/make  -f CMakeFiles/cmTC_ff86c.dir/build.make CMakeFiles/cmTC_ff86c.dir/build
Building C object CMakeFiles/cmTC_ff86c.dir/src.c.o
/Library/Developer/CommandLineTools/usr/bin/cc -DHAS_BUILTIN_UNREACHABLE  -pedantic  -arch arm64 -isysroot /Library/Developer/CommandLineTools/SDKs/MacOSX26.2.sdk -MD -MT CMakeFiles/cmTC_ff86c.dir/src.c.o -MF CMakeFiles/cmTC_ff86c.dir/src.c.o.d -o CMakeFiles/cmTC_ff86c.dir/src.c.o -c /Users/pavel/libcbor/cmake-build/CMakeFiles/CMakeScratch/TryCompile-cZtT9p/src.c
/Users/pavel/libcbor/cmake-build/CMakeFiles/CMakeScratch/TryCompile-cZtT9p/src.c:2:13: warning: a function declaration without a prototype is deprecated in all versions of C [-Wstrict-prototypes]
    2 |     int main() {
      |             ^
      |              void
1 warning generated.
Linking C executable cmTC_ff86c
/opt/homebrew/Cellar/cmake/3.25.2/bin/cmake -E cmake_link_script CMakeFiles/cmTC_ff86c.dir/link.txt --verbose=1
/Library/Developer/CommandLineTools/usr/bin/cc  -pedantic  -arch arm64 -isysroot /Library/Developer/CommandLineTools/SDKs/MacOSX26.2.sdk -Wl,-search_paths_first -Wl,-headerpad_max_install_names CMakeFiles/cmTC_ff86c.dir/src.c.o -o cmTC_ff86c 


Source file was:

    int main() {
        __builtin_unreachable();
        return 0;
    }


Determining if the function ldexp exists passed with the following output:
Change Dir: /Users/pavel/libcbor/cmake-build/CMakeFiles/CMakeScratch/TryCompile-nF0Nwb

Run Build Command(s):/usr/bin/make -f Makefile cmTC_088e0/fast && /Library/Developer/CommandLineTools/usr/bin/make  -f CMakeFiles/cmTC_088e0.dir/build.make CMakeFiles/cmTC_088e0.dir/build
Building C object CMakeFiles/cmTC_088e0.dir/CheckFunctionExists.c.o
/Library/Developer/CommandLineTools/usr/bin/cc   -pedantic -DCHECK_FUNCTION_EXISTS=ldexp -arch arm64 -isysroot /Library/Developer/CommandLineTools/SDKs/MacOSX26.2.sdk -MD -MT CMakeFiles/cmTC_088e0.dir/CheckFunctionExists.c.o -MF CMakeFiles/cmTC_088e0.dir/CheckFunctionExists.c.o.d -o CMakeFiles/cmTC_088e0.dir/CheckFunctionExists.c.o -c /Users/pavel/libcbor/cmake-build/CMakeFiles/CMakeScratch/TryCompile-nF0Nwb/CheckFunctionExists.c
/Users/pavel/libcbor/cmake-build/CMakeFiles/CMakeScratch/TryCompile-nF0Nwb/CheckFunctionExists.c:7:3: warning: incompatible redeclaration of library function 'ldexp' [-Wincompatible-library-redeclaration]
    7 |   CHECK_FUNCTION_EXISTS(void);
      |   ^
<command line>:1:31: note: expanded from macro 'CHECK_FUNCTION_EXISTS'
    1 | #define CHECK_FUNCTION_EXISTS ldexp
      |                               ^
/Users/pavel/libcbor/cmake-build/CMakeFiles/CMakeScratch/TryCompile-nF0Nwb/CheckFunctionExists.c:7:3: note: 'ldexp' is a builtin with type 'double (double, int)'
<command line>:1:31: note: expanded from macro 'CHECK_FUNCTION_EXISTS'
    1 | #define CHECK_FUNCTION_EXISTS ldexp
      |                               ^
1 warning generated.
Linking C executable cmTC_088e0
/opt/homebrew/Cellar/cmake/3.25.2/bin/cmake -E cmake_link_script CMakeFiles/cmTC_088e0.dir/link.txt --verbose=1
/Library/Developer/CommandLineTools/usr/bin/cc  -pedantic -DCHECK_FUNCTION_EXISTS=ldexp -arch arm64 -isysroot /Library/Developer/CommandLineTools/SDKs/MacOSX26.2.sdk -Wl,-search_paths_first -Wl,-headerpad_max_install_names CMakeFiles/cmTC_088e0.dir/CheckFunctionExists.c.o -o cmTC_088e0 



Performing C++ SOURCE FILE Test COMPILER_HAS_HIDDEN_VISIBILITY succeeded with the following output:
Change Dir: /Users/pavel/libcbor/cmake-build/CMakeFiles/CMakeScratch/TryCompile-mEEvIj

Run Build Command(s):/usr/bin/make -f Makefile cmTC_407ac/fast && /Library/Developer/CommandLineTools/usr/bin/make  -f CMakeFiles/cmTC_407ac.dir/build.make CMakeFiles/cmTC_407ac.dir/build
Building CXX object CMakeFiles/cmTC_407ac.dir/src.cxx.o
/Library/Developer/CommandLineTools/usr/bin/c++ -DCOMPILER_HAS_HIDDEN_VISIBILITY  -arch arm64 -isysroot /Library/Developer/CommandLineTools/SDKs/MacOSX26.2.sdk   -fvisibility=hidden -MD -MT CMakeFiles/cmTC_407ac.dir/src.cxx.o -MF CMakeFiles/cmTC_407ac.dir/src.cxx.o.d -o CMakeFiles/cmTC_407ac.dir/src.cxx.o -c /Users/pavel/libcbor/cmake-build/CMakeFiles/CMakeScratch/TryCompile-mEEvIj/src.cxx
Linking CXX executable cmTC_407ac
/opt/homebrew/Cellar/cmake/3.25.2/bin/cmake -E cmake_link_script CMakeFiles/cmTC_407ac.dir/link.txt --verbose=1
/Library/Developer/CommandLineTools/usr/bin/c++  -arch arm64 -isysroot /Library/Developer/CommandLineTools/SDKs/MacOSX26.2.sdk -Wl,-search_paths_first -Wl,-headerpad_max_install_names CMakeFiles/cmTC_407ac.dir/src.cxx.o -o cmTC_407ac 


Source file was:
int main() { return 0; }

Performing C++ SOURCE FILE Test COMPILER_HAS_HIDDEN_INLINE_VISIBILITY succeeded with the following output:
Change Dir: /Users/pavel/libcbor/cmake-build/CMakeFiles/CMakeScratch/TryCompile-sVXZPN

Run Build Command(s):/usr/bin/make -f Makefile cmTC_b1d71/fast && /Library/Developer/CommandLineTools/usr/bin/make  -f CMakeFiles/cmTC_b1d71.dir/build.make CMakeFiles/cmTC_b1d71.dir/build
Building CXX object CMakeFiles/cmTC_b1d71.dir/src.cxx.o
/Library/Developer/CommandLineTools/usr/bin/c++ -DCOMPILER_HAS_HIDDEN_INLINE_VISIBILITY  -arch arm64 -isysroot /Library/Developer/CommandLineTools/SDKs/MacOSX26.2.sdk   -fvisibility-inlines-hidden -MD -MT CMakeFiles/cmTC_b1d71.dir/src.cxx.o -MF CMakeFiles/cmTC_b1d71.dir/src.cxx.o.d -o CMakeFiles/cmTC_b1d71.dir/src.cxx.o -c /Users/pavel/libcbor/cmake-build/CMakeFiles/CMakeScratch/TryCompile-sVXZPN/src.cxx
Linking CXX executable cmTC_b1d71
/opt/homebrew/Cellar/cmake/3.25.2/bin/cmake -E cmake_link_script CMakeFiles/cmTC_b1d71.dir/link.txt --verbose=1
/Library/Developer/CommandLineTools/usr/bin/c++  -arch arm64 -isysroot /Library/Developer/CommandLineTools/SDKs/MacOSX26.2.sdk -Wl,-search_paths_first -Wl,-headerpad_max_install_names CMakeFiles/cmTC_b1d71.dir/src.cxx.o -o cmTC_b1d71 


Source file was:
int main() { return 0; }

Performing C++ SOURCE FILE Test COMPILER_HAS_DEPRECATED_ATTR succeeded with the following output:
Change Dir: /Users/pavel/libcbor/cmake-build/CMakeFiles/CMakeScratch/TryCompile-lLuiLb

Run Build Command(s):/usr/bin/make -f Makefile cmTC_da370/fast && /Library/Developer/CommandLineTools/usr/bin/make  -f CMakeFiles/cmTC_da370.dir/build.make CMakeFiles/cmTC_da370.dir/build
Building CXX object CMakeFiles/cmTC_da370.dir/src.cxx.o
/Library/Developer/CommandLineTools/usr/bin/c++ -DCOMPILER_HAS_DEPRECATED_ATTR  -arch arm64 -isysroot /Library/Developer/CommandLineTools/SDKs/MacOSX26.2.sdk -MD -MT CMakeFiles/cmTC_da370.dir/src.cxx.o -MF CMakeFiles/cmTC_da370.dir/src.cxx.o.d -o CMakeFiles/cmTC_da370.dir/src.cxx.o -c /Users/pavel/libcbor/cmake-build/CMakeFiles/CMakeScratch/TryCompile-lLuiLb/src.cxx
/Users/pavel/libcbor/cmake-build/CMakeFiles/CMakeScratch/TryCompile-lLuiLb/src.cxx:2:25: warning: 'somefunc' is deprecated [-Wdeprecated-declarations]
    2 |     int main() { return somefunc();}
      |                         ^
/Users/pavel/libcbor/cmake-build/CMakeFiles/CMakeScratch/TryCompile-lLuiLb/src.cxx:1:16: note: 'somefunc' has been explicitly marked deprecated here
    1 | __attribute__((__deprecated__)) int somefunc() { return 0; }
      |                ^
1 warning generated.
Linking CXX executable cmTC_da370
/opt/homebrew/Cellar/cmake/3.25.2/bin/cmake -E cmake_link_script CMakeFiles/cmTC_da370.dir/link.txt --verbose=1
/Library/Developer/CommandLineTools/usr/bin/c++  -arch arm64 -isysroot /Library/Developer/CommandLineTools/SDKs/MacOSX26.2.sdk -Wl,-search_paths_first -Wl,-headerpad_max_install_names CMakeFiles/cmTC_da370.dir/src.cxx.o -o cmTC_da370 


Source file was:
__attribute__((__deprecated__)) int somefunc() { return 0; }
    int main() { return somefunc();}

Determining if the include file execinfo.h exists passed with the following output:
Change Dir: /Users/pavel/libcbor/cmake-build/CMakeFiles/CMakeScratch/TryCompile-eoBw0K

Run Build Command(s):/usr/bin/make -f Makefile cmTC_c07de/fast && /Library/Developer/CommandLineTools/usr/bin/make  -f CMakeFiles/cmTC_c07de.dir/build.make CMakeFiles/cmTC_c07de.dir/build
Building C object CMakeFiles/cmTC_c07de.dir/CheckIncludeFile.c.o
/Library/Developer/CommandLineTools/usr/bin/cc   -pedantic  -arch arm64 -isysroot /Library/Developer/CommandLineTools/SDKs/MacOSX26.2.sdk -MD -MT CMakeFiles/cmTC_c07de.dir/CheckIncludeFile.c.o -MF CMakeFiles/cmTC_c07de.dir/CheckIncludeFile.c.o.d -o CMakeFiles/cmTC_c07de.dir/CheckIncludeFile.c.o -c /Users/pavel/libcbor/cmake-build/CMakeFiles/CMakeScratch/TryCompile-eoBw0K/CheckIncludeFile.c
Linking C executable cmTC_c07de
/opt/homebrew/Cellar/cmake/3.25.2/bin/cmake -E cmake_link_script CMakeFiles/cmTC_c07de.dir/link.txt --verbose=1
/Library/Developer/CommandLineTools/usr/bin/cc  -pedantic  -arch arm64 -isysroot /Library/Developer/CommandLineTools/SDKs/MacOSX26.2.sdk -Wl,-search_paths_first -Wl,-headerpad_max_install_names CMakeFiles/cmTC_c07de.dir/CheckIncludeFile.c.o -o cmTC_c07de 



